C51 COMPILER V9.60.0.0   BT                                                                04/17/2022 15:44:51 PAGE 1   


C51 COMPILER V9.60.0.0, COMPILATION OF MODULE BT
OBJECT MODULE PLACED IN bt.obj
COMPILER INVOKED BY: D:\Keil_v5\C51\BIN\C51.EXE hardware\usart\bt.c LARGE OPTIMIZE(8,SPEED) BROWSE INCDIR(.\hardware\mot
                    -or;.\system\delay;.\hardware\temperature;.\hardware\lumination;.\hardware\usart;.\hardware\display_lcd12864;.\hardware\d
                    -isplay_lcd1602;.\system\control;.\system\iic;.\system\timer;.\hardware\clock) DEBUG OBJECTEXTEND PRINT(.\bt.lst) TABS(2)
                    - OBJECT(bt.obj)

line level    source

   1          #include "reg52.h"  
   2          #include "main.h"
   3          
   4          
   5          
   6          /*******************************************************************************
   7          * 函数名         :UartInit()
   8          * 函数功能       :设置串口
   9          * 输入           : 无
  10          * 输出           : 无
  11          *******************************************************************************/
  12          void UartInit(void)
  13          {
  14   1         TMOD = 0x20;  //9600
  15   1          SCON = 0x50;
  16   1          TH1 = 0xFD;
  17   1          TL1 = TH1;
  18   1          PCON = 0x00;
  19   1          EA = 1;
  20   1          ES = 1;
  21   1          TR1 = 1;
  22   1      }
  23          void uart_tx_byte(uchar str){
  24   1        SBUF=str;
  25   1        while(TI==0);
  26   1           TI=0;
  27   1      }
  28          


MODULE INFORMATION:   STATIC OVERLAYABLE
   CODE SIZE        =     30    ----
   CONSTANT SIZE    =   ----    ----
   XDATA SIZE       =   ----    ----
   PDATA SIZE       =   ----    ----
   DATA SIZE        =   ----    ----
   IDATA SIZE       =   ----    ----
   BIT SIZE         =   ----    ----
END OF MODULE INFORMATION.


C51 COMPILATION COMPLETE.  0 WARNING(S),  0 ERROR(S)
