C51 COMPILER V9.60.0.0   DS1302                                                            04/17/2022 15:44:50 PAGE 1   


C51 COMPILER V9.60.0.0, COMPILATION OF MODULE DS1302
OBJECT MODULE PLACED IN DS1302.obj
COMPILER INVOKED BY: D:\Keil_v5\C51\BIN\C51.EXE hardware\clock\DS1302.c LARGE OPTIMIZE(8,SPEED) BROWSE INCDIR(.\hardware
                    -\motor;.\system\delay;.\hardware\temperature;.\hardware\lumination;.\hardware\usart;.\hardware\display_lcd12864;.\hardwa
                    -re\display_lcd1602;.\system\control;.\system\iic;.\system\timer;.\hardware\clock) DEBUG OBJECTEXTEND PRINT(.\DS1302.lst)
                    - TABS(2) OBJECT(DS1302.obj)

line level    source

   1          #include "main.h"
   2          
   3          unsigned char time_buf1[8] = {20,20,9,8,12,55,0,6};//空年月日时分秒周
   4          unsigned char time_buf[8] ;                         //空年月日时分秒周
   5          
   6          
   7          
   8          /*------------------------------------------------
   9                     向DS1302写入一字节数据
  10          ------------------------------------------------*/
  11          void Ds1302_Write_Byte(unsigned char addr, unsigned char d)
  12          {
  13   1      
  14   1        unsigned char i;
  15   1        RST_SET;  
  16   1        
  17   1        //写入目标地址：addr
  18   1        addr = addr & 0xFE;     //最低位置零
  19   1        for (i = 0; i < 8; i ++) 
  20   1            { 
  21   2          if (addr & 0x01) 
  22   2              {
  23   3            IO_SET;
  24   3            }
  25   2          else 
  26   2              {
  27   3            IO_CLR;
  28   3            }
  29   2          SCK_SET;
  30   2          SCK_CLR;
  31   2          addr = addr >> 1;
  32   2          }
  33   1        
  34   1        //写入数据：d
  35   1        for (i = 0; i < 8; i ++) 
  36   1           {
  37   2          if (d & 0x01) 
  38   2              {
  39   3            IO_SET;
  40   3            }
  41   2          else 
  42   2              {
  43   3            IO_CLR;
  44   3            }
  45   2          SCK_SET;
  46   2          SCK_CLR;
  47   2          d = d >> 1;
  48   2          }
  49   1        RST_CLR;          //停止DS1302总线
  50   1      }
  51          /*------------------------------------------------
  52                     从DS1302读出一字节数据
C51 COMPILER V9.60.0.0   DS1302                                                            04/17/2022 15:44:50 PAGE 2   

  53          ------------------------------------------------*/
  54          
  55          unsigned char Ds1302_Read_Byte(unsigned char addr) 
  56          {
  57   1      
  58   1        unsigned char i;
  59   1        unsigned char temp;
  60   1        RST_SET;  
  61   1      
  62   1        //写入目标地址：addr
  63   1        addr = addr | 0x01;//最低位置高
  64   1        for (i = 0; i < 8; i ++) 
  65   1            {
  66   2             
  67   2          if (addr & 0x01) 
  68   2             {
  69   3            IO_SET;
  70   3            }
  71   2          else 
  72   2              {
  73   3            IO_CLR;
  74   3            }
  75   2          SCK_SET;
  76   2          SCK_CLR;
  77   2          addr = addr >> 1;
  78   2          }
  79   1        
  80   1        //输出数据：temp
  81   1        for (i = 0; i < 8; i ++) 
  82   1            {
  83   2          temp = temp >> 1;
  84   2          if (IO_R) 
  85   2             {
  86   3            temp |= 0x80;
  87   3            }
  88   2          else 
  89   2             {
  90   3            temp &= 0x7F;
  91   3            }
  92   2          SCK_SET;
  93   2          SCK_CLR;
  94   2          }
  95   1        
  96   1        RST_CLR;  //停止DS1302总线
  97   1        return temp;
  98   1      }
  99          
 100          /*------------------------------------------------
 101                     向DS1302写入时钟数据
 102          ------------------------------------------------*/
 103          void Ds1302_Write_Time(void) 
 104          {
 105   1           
 106   1          unsigned char i,tmp;
 107   1        for(i=0;i<8;i++)
 108   1            {                  //BCD处理
 109   2          tmp=time_buf1[i]/10;
 110   2          time_buf[i]=time_buf1[i]%10;
 111   2          time_buf[i]=time_buf[i]+tmp*16;
 112   2            }
 113   1        Ds1302_Write_Byte(ds1302_control_add,0x00);     //关闭写保护 
 114   1        Ds1302_Write_Byte(ds1302_sec_add,0x80);       //暂停 
C51 COMPILER V9.60.0.0   DS1302                                                            04/17/2022 15:44:50 PAGE 3   

 115   1        //Ds1302_Write_Byte(ds1302_charger_add,0xa9);     //涓流充电 
 116   1        Ds1302_Write_Byte(ds1302_year_add,time_buf[1]);   //年 
 117   1        Ds1302_Write_Byte(ds1302_month_add,time_buf[2]);  //月 
 118   1        Ds1302_Write_Byte(ds1302_date_add,time_buf[3]);   //日 
 119   1        Ds1302_Write_Byte(ds1302_day_add,time_buf[7]);    //周 
 120   1        Ds1302_Write_Byte(ds1302_hr_add,time_buf[4]);   //时 
 121   1        Ds1302_Write_Byte(ds1302_min_add,time_buf[5]);    //分
 122   1        Ds1302_Write_Byte(ds1302_sec_add,time_buf[6]);    //秒
 123   1        Ds1302_Write_Byte(ds1302_day_add,time_buf[7]);    //周 
 124   1        Ds1302_Write_Byte(ds1302_control_add,0x80);     //打开写保护 
 125   1      }
 126          
 127          /*------------------------------------------------
 128                     从DS1302读出时钟数据
 129          ------------------------------------------------*/
 130          void Ds1302_Read_Time(void)  
 131          { 
 132   1              unsigned char i,tmp;
 133   1        time_buf[1]=Ds1302_Read_Byte(ds1302_year_add);    //年 
 134   1        time_buf[2]=Ds1302_Read_Byte(ds1302_month_add);   //月 
 135   1        time_buf[3]=Ds1302_Read_Byte(ds1302_date_add);    //日 
 136   1        time_buf[4]=Ds1302_Read_Byte(ds1302_hr_add);    //时 
 137   1        time_buf[5]=Ds1302_Read_Byte(ds1302_min_add);   //分 
 138   1        time_buf[6]=(Ds1302_Read_Byte(ds1302_sec_add))&0x7F;//秒 
 139   1        time_buf[7]=Ds1302_Read_Byte(ds1302_day_add);   //周 
 140   1      
 141   1      
 142   1        for(i=0;i<8;i++)
 143   1           {           //BCD处理
 144   2          tmp=time_buf[i]/16;
 145   2          time_buf1[i]=time_buf[i]%16;
 146   2          time_buf1[i]=time_buf1[i]+tmp*10;
 147   2           }
 148   1      }
 149          
 150          /*------------------------------------------------
 151                          DS1302初始化
 152          ------------------------------------------------*/
 153          void Ds1302_Init(void)
 154          {
 155   1        
 156   1         RST_CLR;     //RST脚置低
 157   1         SCK_CLR;     //SCK脚置低
 158   1        Ds1302_Write_Byte(ds1302_sec_add,0x00); 
 159   1        Ds1302_Write_Byte(ds1302_min_add,0x00); 
 160   1        Ds1302_Write_Byte(ds1302_hr_add,0x00);  
 161   1        Ds1302_Write_Byte(ds1302_date_add ,0x00); 
 162   1        Ds1302_Write_Byte(ds1302_month_add,0x00); 
 163   1        Ds1302_Write_Byte(ds1302_day_add,0x00); 
 164   1        Ds1302_Write_Byte(ds1302_year_add,0x00);  
 165   1           
 166   1      }


MODULE INFORMATION:   STATIC OVERLAYABLE
   CODE SIZE        =    489    ----
   CONSTANT SIZE    =   ----    ----
   XDATA SIZE       =     16    ----
   PDATA SIZE       =   ----    ----
   DATA SIZE        =   ----    ----
   IDATA SIZE       =   ----    ----
   BIT SIZE         =   ----    ----
C51 COMPILER V9.60.0.0   DS1302                                                            04/17/2022 15:44:50 PAGE 4   

END OF MODULE INFORMATION.


C51 COMPILATION COMPLETE.  0 WARNING(S),  0 ERROR(S)
